Step: build-step-credential-initializer:

{"level":"warn","ts":1551350655.24922,"logger":"fallback-logger","caller":"logging/config.go:65","msg":"Fetch GitHub commit ID from kodata failed: \"ref: refs/heads/test\" is not a valid GitHub commit ID"}
{"level":"info","ts":1551350655.2522037,"logger":"fallback-logger","caller":"creds-init/main.go:40","msg":"Credentials initialized."}
Step: build-step-git-source-0:

{"level":"warn","ts":1551350658.1537411,"logger":"fallback-logger","caller":"logging/config.go:65","msg":"Fetch GitHub commit ID from kodata failed: \"ref: refs/heads/test\" is not a valid GitHub commit ID"}
{"level":"info","ts":1551350659.9876702,"logger":"fallback-logger","caller":"git-init/main.go:92","msg":"Successfully cloned \"https://github.com/carlossg/croc-hunter-jenkinsx-serverless-2.git\" @ \"master\" in path \"/workspace\""}
Step: build-step-jenkins:

Picked up _JAVA_OPTIONS: -Xmx400m
Started
Running in Durability level: PERFORMANCE_OPTIMIZED
 115.765 [id=31]	WARNING	i.f.k.c.i.VersionUsageUtils#alert: The client is using resource type 'customresourcedefinitions' with unstable version 'v1beta1'
[Pipeline] node
Running on Jenkins in /tmp/jenkinsTests.tmp/jenkins185906950062253196test/workspace/job
[Pipeline] {
[Pipeline] stage
[Pipeline] { (Declarative: Checkout SCM)
[Pipeline] checkout
[Pipeline] }
[Pipeline] // stage
[Pipeline] withCredentials
[Pipeline] {
[Pipeline] withEnv
[Pipeline] {
[Pipeline] stage
[Pipeline] { (CI Build and push snapshot)
Stage "CI Build and push snapshot" skipped due to when conditional
[Pipeline] }
[Pipeline] // stage
[Pipeline] stage
[Pipeline] { (Build Release)
[Pipeline] dir
Running in /home/jenkins/go/src/github.com/carlossg/croc-hunter-jenkinsx-serverless
[Pipeline] {
[Pipeline] checkout
[Pipeline] }
[Pipeline] // dir
[Pipeline] dir
Running in /home/jenkins/go/src/github.com/carlossg/croc-hunter-jenkinsx-serverless/charts/croc-hunter-jenkinsx
[Pipeline] {
[Pipeline] sh
+ git config --global credential.helper store
[Pipeline] sh
+ jx step validate --min-jx-version 1.1.73
[Pipeline] sh
+ jx step git credentials
Generated Git credentials file /home/jenkins/git/credentials
[Pipeline] }
[Pipeline] // dir
[Pipeline] dir
Running in /home/jenkins/go/src/github.com/carlossg/croc-hunter-jenkinsx-serverless
[Pipeline] {
[Pipeline] sh
+ jx-release-version
+ echo 0.0.4
[Pipeline] }
[Pipeline] // dir
[Pipeline] dir
Running in /home/jenkins/go/src/github.com/carlossg/croc-hunter-jenkinsx-serverless/charts/croc-hunter-jenkinsx
[Pipeline] {
[Pipeline] sh
+ make tag
sed -i -e "s/version:.*/version: 0.0.4/" Chart.yaml
sed -i -e "s|repository: .*|repository: 10.47.253.185:5000\/carlossg\/croc-hunter-jenkinsx|" values.yaml
sed -i -e "s/tag: .*/tag: 0.0.4/" values.yaml
git add --all
git commit -m "release 0.0.4" --allow-empty # if first release then no verion update is performed
[master da3201f] release 0.0.4
 6 files changed, 11 insertions(+), 3 deletions(-)
 create mode 100644 VERSION
 create mode 100644 charts/croc-hunter-jenkinsx@tmp/durable-f2f8e5ed/jenkins-log.txt
 create mode 100644 charts/croc-hunter-jenkinsx@tmp/durable-f2f8e5ed/last-location.txt
 create mode 100644 charts/croc-hunter-jenkinsx@tmp/durable-f2f8e5ed/script.sh
git tag -fa v0.0.4 -m "Release version 0.0.4"
git push origin v0.0.4
To https://github.com/carlossg/croc-hunter-jenkinsx-serverless-2.git
 ! [remote rejected] v0.0.4 -> v0.0.4 (cannot lock ref 'refs/tags/v0.0.4': reference already exists)
error: failed to push some refs to 'https://github.com/carlossg/croc-hunter-jenkinsx-serverless-2.git'
Makefile:38: recipe for target 'tag' failed
make: *** [tag] Error 1
[Pipeline] }
[Pipeline] // dir
[Pipeline] }
[Pipeline] // stage
[Pipeline] stage
[Pipeline] { (Promote to Environments)
Stage "Promote to Environments" skipped due to earlier failure(s)
[Pipeline] }
[Pipeline] // stage
[Pipeline] }
[Pipeline] // withEnv
[Pipeline] }
[Pipeline] // withCredentials
[Pipeline] }
[Pipeline] // node
[Pipeline] End of Pipeline
