Step: build-step-credential-initializer:

{"level":"warn","ts":1551350656.7861943,"logger":"fallback-logger","caller":"logging/config.go:65","msg":"Fetch GitHub commit ID from kodata failed: \"ref: refs/heads/test\" is not a valid GitHub commit ID"}
{"level":"info","ts":1551350656.7994883,"logger":"fallback-logger","caller":"creds-init/main.go:40","msg":"Credentials initialized."}
Step: build-step-git-source-0:

{"level":"warn","ts":1551350658.7078662,"logger":"fallback-logger","caller":"logging/config.go:65","msg":"Fetch GitHub commit ID from kodata failed: \"ref: refs/heads/test\" is not a valid GitHub commit ID"}
{"level":"info","ts":1551350660.174142,"logger":"fallback-logger","caller":"git-init/main.go:92","msg":"Successfully cloned \"https://github.com/carlossg/croc-hunter-jenkinsx-serverless-2.git\" @ \"master\" in path \"/workspace\""}
Step: build-step-jenkins:

Picked up _JAVA_OPTIONS: -Xmx400m
Started
Running in Durability level: PERFORMANCE_OPTIMIZED
 118.164 [id=19]	WARNING	i.f.k.c.i.VersionUsageUtils#alert: The client is using resource type 'customresourcedefinitions' with unstable version 'v1beta1'
[Pipeline] node
Running on Jenkins in /tmp/jenkinsTests.tmp/jenkins7646325869729274497test/workspace/job
[Pipeline] {
[Pipeline] stage
[Pipeline] { (Declarative: Checkout SCM)
[Pipeline] checkout
[Pipeline] }
[Pipeline] // stage
[Pipeline] withCredentials
[Pipeline] {
[Pipeline] withEnv
[Pipeline] {
[Pipeline] stage
[Pipeline] { (CI Build and push snapshot)
Stage "CI Build and push snapshot" skipped due to when conditional
[Pipeline] }
[Pipeline] // stage
[Pipeline] stage
[Pipeline] { (Build Release)
[Pipeline] dir
Running in /home/jenkins/go/src/github.com/carlossg/croc-hunter-jenkinsx-serverless
[Pipeline] {
[Pipeline] checkout
[Pipeline] }
[Pipeline] // dir
[Pipeline] dir
Running in /home/jenkins/go/src/github.com/carlossg/croc-hunter-jenkinsx-serverless/charts/croc-hunter-jenkinsx
[Pipeline] {
[Pipeline] sh
+ git config --global credential.helper store
[Pipeline] sh
+ jx step validate --min-jx-version 1.1.73
[Pipeline] sh
+ jx step git credentials
Generated Git credentials file /home/jenkins/git/credentials
[Pipeline] }
[Pipeline] // dir
[Pipeline] dir
Running in /home/jenkins/go/src/github.com/carlossg/croc-hunter-jenkinsx-serverless
[Pipeline] {
[Pipeline] sh
+ jx-release-version
+ echo 0.0.4
[Pipeline] }
[Pipeline] // dir
[Pipeline] dir
Running in /home/jenkins/go/src/github.com/carlossg/croc-hunter-jenkinsx-serverless/charts/croc-hunter-jenkinsx
[Pipeline] {
[Pipeline] sh
+ make tag
sed -i -e "s/version:.*/version: 0.0.4/" Chart.yaml
sed -i -e "s|repository: .*|repository: 10.47.253.185:5000\/carlossg\/croc-hunter-jenkinsx|" values.yaml
sed -i -e "s/tag: .*/tag: 0.0.4/" values.yaml
git add --all
git commit -m "release 0.0.4" --allow-empty # if first release then no verion update is performed
[master b6ca3c1] release 0.0.4
 6 files changed, 11 insertions(+), 3 deletions(-)
 create mode 100644 VERSION
 create mode 100644 charts/croc-hunter-jenkinsx@tmp/durable-560dd597/jenkins-log.txt
 create mode 100644 charts/croc-hunter-jenkinsx@tmp/durable-560dd597/last-location.txt
 create mode 100644 charts/croc-hunter-jenkinsx@tmp/durable-560dd597/script.sh
git tag -fa v0.0.4 -m "Release version 0.0.4"
git push origin v0.0.4
To https://github.com/carlossg/croc-hunter-jenkinsx-serverless-2.git
 * [new tag]         v0.0.4 -> v0.0.4
[Pipeline] }
[Pipeline] // dir
[Pipeline] dir
Running in /home/jenkins/go/src/github.com/carlossg/croc-hunter-jenkinsx-serverless
[Pipeline] {
[Pipeline] sh
+ cat VERSION
+ make VERSION=0.0.4 GIT_COMMIT= build
cp skaffold.yaml skaffold.yaml.new
sed -i -e "s/{{.VERSION}}/0.0.4/" skaffold.yaml.new
sed -i -e "s/{{.GIT_COMMIT}}//" skaffold.yaml.new
CGO_ENABLED=0 GO15VENDOREXPERIMENT=1 go build -ldflags '' -o bin/croc-hunter-jenkinsx croc-hunter.go
[Pipeline] sh
+ cat VERSION
+ export VERSION=0.0.4
+ skaffold build -f skaffold.yaml.new
time="2019-02-28T10:51:02Z" level=warning msg="config version (skaffold/v1beta1) out of date: upgrading to latest (skaffold/v1beta3)"
Starting build...
Building [changeme]...
Sending build context to Docker daemon  525.8kBSending build context to Docker daemon   6.99MB
Step 1/10 : FROM scratch
 ---> 
Step 2/10 : ARG GIT_SHA
 ---> Using cache
 ---> 0463438ad6cf
Step 3/10 : ARG WORKFLOW_RELEASE
 ---> Using cache
 ---> e2d4af438330
Step 4/10 : ENV GIT_SHA $GIT_SHA
 ---> Running in f2d67a09817f
 ---> 64ce10f7a920
Step 5/10 : ENV WORKFLOW_RELEASE $WORKFLOW_RELEASE
 ---> Running in adc22acc4a9e
 ---> 221329fa7496
Step 6/10 : ENV POWERED_BY Jenkins-X
 ---> Running in cc21109c2089
 ---> 541f81e10bfe
Step 7/10 : EXPOSE 8080
 ---> Running in 0d7da850ae3a
 ---> 1d9bb74b6bf9
Step 8/10 : ENTRYPOINT /croc-hunter-jenkinsx
 ---> Running in 16e910a21d5a
 ---> ec0c80db2884
Step 9/10 : COPY ./bin/ /
 ---> dcc23d0b839a
Step 10/10 : COPY static/ static/
 ---> 51500a9d339a
Successfully built 51500a9d339a
The push refers to a repository [10.47.253.185:5000/carlossg/croc-hunter-jenkinsx]
bd21c74df715: Preparing
8eaf4fa9bd6f: Preparing
bd21c74df715: Pushed
8eaf4fa9bd6f: Pushed
0.0.4: digest: sha256:504a8501dfdae8c40302163c4f4f8a16071e40bd845a772cd246611dc3ce08a5 size: 738
Build complete in 3.372771961s
Starting test...
Test complete in 7.266µs
changeme -> 10.47.253.185:5000/carlossg/croc-hunter-jenkinsx:0.0.4
[Pipeline] sh
+ jx step validate --min-jx-version 1.2.36
[Pipeline] sh
+ cat VERSION
+ jx step post build --image 10.47.253.185:5000/carlossg/croc-hunter-jenkinsx:0.0.4
[Pipeline] }
[Pipeline] // dir
[Pipeline] }
[Pipeline] // stage
[Pipeline] stage
[Pipeline] { (Promote to Environments)
[Pipeline] dir
Running in /home/jenkins/go/src/github.com/carlossg/croc-hunter-jenkinsx-serverless/charts/croc-hunter-jenkinsx
[Pipeline] {
[Pipeline] sh
+ cat ../../VERSION
+ jx step changelog --version v0.0.4 --generate-yaml=false
Using batch mode as inside a pipeline
Converted /home/jenkins/go/src/github.com/carlossg/croc-hunter-jenkinsx-serverless/charts/croc-hunter-jenkinsx to an unshallow repository
Generating change log from git ref c21035553f09a7600e4fa7b679a3c6b1a4ed1577 => b6ca3c1a7b819ec6676c90efe1b679320ee9f29d
Failed to enrich commits with issues: User.jenkins.io "" is invalid: metadata.name: Required value: name or generateName is required
Failed to enrich commits with issues: User.jenkins.io "" is invalid: metadata.name: Required value: name or generateName is required
Finding issues in commit messages using git format
No release found for carlossg/croc-hunter-jenkinsx-serverless-2 and tag v0.0.4 so creating a new release
Updated the release information at https://github.com/carlossg/croc-hunter-jenkinsx-serverless-2/releases/tag/v0.0.4
Created Release croc-hunter-jenkinsx-serverless-2-0-0-4 resource in namespace jx
Updating PipelineActivity carlossg-croc-hunter-jenkinsx-serverless-2-master-2 with version 0.0.4
Updated PipelineActivities carlossg-croc-hunter-jenkinsx-serverless-2-master-2 with release notes URL: https://github.com/carlossg/croc-hunter-jenkinsx-serverless-2/releases/tag/v0.0.4
[Pipeline] sh
+ make release
rm -rf charts
rm -rf croc-hunter-jenkinsx*.tgz
helm dependency build
No requirements found in ./charts.
helm lint
==> Linting .
Lint OK

1 chart(s) linted, no failures
helm init --client-only
Creating /builder/home/.helm 
Creating /builder/home/.helm/repository 
Creating /builder/home/.helm/repository/cache 
Creating /builder/home/.helm/repository/local 
Creating /builder/home/.helm/plugins 
Creating /builder/home/.helm/starters 
Creating /builder/home/.helm/cache/archive 
Creating /builder/home/.helm/repository/repositories.yaml 
Adding stable repo with URL: https://kubernetes-charts.storage.googleapis.com 
Adding local repo with URL: http://127.0.0.1:8879/charts 
$HELM_HOME has been configured at /builder/home/.helm.
Not installing Tiller due to 'client-only' flag having been set
Happy Helming!
helm package .
Successfully packaged chart and saved it to: /home/jenkins/go/src/github.com/carlossg/croc-hunter-jenkinsx-serverless/charts/croc-hunter-jenkinsx/croc-hunter-jenkinsx-0.0.4.tgz
curl --fail -u **** --data-binary "@croc-hunter-jenkinsx-0.0.4.tgz" http://jenkins-x-chartmuseum:8080/api/charts
  % Total    % Received % Xferd  Average Speed   Time    Time     Time  Current
                                 Dload  Upload   Total   Spent    Left  Speed
  0     0    0     0    0     0      0      0 --:--:-- --:--:-- --:--:--     0  0  3143    0     0    0     0      0      0 --:--:--  0:00:01 --:--:--     0 99  3167    0     0  100  3143      0   3113  0:00:01  0:00:01 --:--:--  3114
curl: (22) The requested URL returned error: 401
Makefile:26: recipe for target 'release' failed
make: *** [release] Error 22
[Pipeline] }
[Pipeline] // dir
[Pipeline] }
[Pipeline] // stage
[Pipeline] }
[Pipeline] // withEnv
[Pipeline] }
[Pipeline] // withCredentials
[Pipeline] }
[Pipeline] // node
[Pipeline] End of Pipeline
ERROR: script returned exit code 2
Finished: FAILURE
