Step: build-step-credential-initializer:

{"level":"warn","ts":1547216782.8782637,"logger":"fallback-logger","caller":"logging/config.go:65","msg":"Fetch GitHub commit ID from kodata failed: \"ref: refs/heads/test\" is not a valid GitHub commit ID"}
{"level":"info","ts":1547216782.8789752,"logger":"fallback-logger","caller":"creds-init/main.go:40","msg":"Credentials initialized."}
Step: build-step-git-source-0:

{"level":"warn","ts":1547216783.6186712,"logger":"fallback-logger","caller":"logging/config.go:65","msg":"Fetch GitHub commit ID from kodata failed: \"ref: refs/heads/test\" is not a valid GitHub commit ID"}
{"level":"info","ts":1547216784.032346,"logger":"fallback-logger","caller":"git-init/main.go:92","msg":"Successfully cloned \"https://github.com/carlossg/croc-hunter-jenkinsx-serverless-2.git\" @ \"4716106d0149bde505a1fe51f7a7caeee81a065e\" in path \"/workspace\""}
Step: build-step-jenkins:

Picked up _JAVA_OPTIONS: -Xmx400m
Started
Running in Durability level: PERFORMANCE_OPTIMIZED
  21.207 [id=20]	WARNING	i.f.k.c.i.VersionUsageUtils#alert: The client is using resource type 'customresourcedefinitions' with unstable version 'v1beta1'
[Pipeline] node
Running on Jenkins in /tmp/jenkinsTests.tmp/jenkins5010591516810019666test/workspace/job
  35.459 [id=76]	WARNING	o.j.plugins.workflow.cps.DSL#invokeStep: Error storing the arguments for step: checkout
org.kohsuke.stapler.NoStaplerConstructorException: There's no @DataBoundConstructor on any constructor of class io.jenkins.jenkinsfile.runner.FileSystemSCM
	at org.kohsuke.stapler.ClassDescriptor.loadConstructorParamNames(ClassDescriptor.java:265)
	at org.jenkinsci.plugins.structs.describable.DescribableModel.<init>(DescribableModel.java:144)
	at org.jenkinsci.plugins.structs.describable.DescribableModel.of(DescribableModel.java:114)
	at org.jenkinsci.plugins.workflow.cps.actions.ArgumentsActionImpl.sanitizeObjectAndRecordMutation(ArgumentsActionImpl.java:294)
	at org.jenkinsci.plugins.workflow.cps.actions.ArgumentsActionImpl.sanitizeMapAndRecordMutation(ArgumentsActionImpl.java:386)
	at org.jenkinsci.plugins.workflow.cps.actions.ArgumentsActionImpl.<init>(ArgumentsActionImpl.java:74)
	at org.jenkinsci.plugins.workflow.cps.DSL.invokeStep(DSL.java:245)
	at org.jenkinsci.plugins.workflow.cps.DSL.invokeMethod(DSL.java:178)
	at org.jenkinsci.plugins.workflow.cps.CpsScript.invokeMethod(CpsScript.java:122)
	at org.codehaus.groovy.runtime.callsite.PogoMetaClassSite.call(PogoMetaClassSite.java:48)
	at org.codehaus.groovy.runtime.callsite.CallSiteArray.defaultCall(CallSiteArray.java:48)
	at org.codehaus.groovy.runtime.callsite.AbstractCallSite.call(AbstractCallSite.java:113)
	at com.cloudbees.groovy.cps.sandbox.DefaultInvoker.methodCall(DefaultInvoker.java:20)
	at com.cloudbees.groovy.cps.impl.ContinuationGroup.methodCall(ContinuationGroup.java:57)
	at com.cloudbees.groovy.cps.impl.FunctionCallBlock$ContinuationImpl.dispatchOrArg(FunctionCallBlock.java:109)
	at com.cloudbees.groovy.cps.impl.FunctionCallBlock$ContinuationImpl.fixArg(FunctionCallBlock.java:82)
	at sun.reflect.GeneratedMethodAccessor139.invoke(Unknown Source)
	at sun.reflect.DelegatingMethodAccessorImpl.invoke(DelegatingMethodAccessorImpl.java:43)
	at java.lang.reflect.Method.invoke(Method.java:498)
	at com.cloudbees.groovy.cps.impl.ContinuationPtr$ContinuationImpl.receive(ContinuationPtr.java:72)
	at com.cloudbees.groovy.cps.impl.PropertyishBlock$ContinuationImpl.get(PropertyishBlock.java:76)
	at com.cloudbees.groovy.cps.LValueBlock$GetAdapter.receive(LValueBlock.java:30)
	at com.cloudbees.groovy.cps.impl.PropertyishBlock$ContinuationImpl.fixName(PropertyishBlock.java:66)
	at sun.reflect.GeneratedMethodAccessor144.invoke(Unknown Source)
	at sun.reflect.DelegatingMethodAccessorImpl.invoke(DelegatingMethodAccessorImpl.java:43)
	at java.lang.reflect.Method.invoke(Method.java:498)
	at com.cloudbees.groovy.cps.impl.ContinuationPtr$ContinuationImpl.receive(ContinuationPtr.java:72)
	at com.cloudbees.groovy.cps.impl.ConstantBlock.eval(ConstantBlock.java:21)
	at com.cloudbees.groovy.cps.Next.step(Next.java:83)
	at com.cloudbees.groovy.cps.Continuable$1.call(Continuable.java:174)
	at com.cloudbees.groovy.cps.Continuable$1.call(Continuable.java:163)
	at org.codehaus.groovy.runtime.GroovyCategorySupport$ThreadCategoryInfo.use(GroovyCategorySupport.java:129)
	at org.codehaus.groovy.runtime.GroovyCategorySupport.use(GroovyCategorySupport.java:268)
	at com.cloudbees.groovy.cps.Continuable.run0(Continuable.java:163)
	at org.jenkinsci.plugins.workflow.cps.SandboxContinuable.access$101(SandboxContinuable.java:34)
	at org.jenkinsci.plugins.workflow.cps.SandboxContinuable.lambda$run0$0(SandboxContinuable.java:59)
	at org.jenkinsci.plugins.scriptsecurity.sandbox.groovy.GroovySandbox.runInSandbox(GroovySandbox.java:121)
	at org.jenkinsci.plugins.workflow.cps.SandboxContinuable.run0(SandboxContinuable.java:58)
	at org.jenkinsci.plugins.workflow.cps.CpsThread.runNextChunk(CpsThread.java:182)
	at org.jenkinsci.plugins.workflow.cps.CpsThreadGroup.run(CpsThreadGroup.java:332)
	at org.jenkinsci.plugins.workflow.cps.CpsThreadGroup.access$200(CpsThreadGroup.java:83)
	at org.jenkinsci.plugins.workflow.cps.CpsThreadGroup$2.call(CpsThreadGroup.java:244)
	at org.jenkinsci.plugins.workflow.cps.CpsThreadGroup$2.call(CpsThreadGroup.java:232)
	at org.jenkinsci.plugins.workflow.cps.CpsVmExecutorService$2.call(CpsVmExecutorService.java:64)
	at java.util.concurrent.FutureTask.run(FutureTask.java:266)
	at hudson.remoting.SingleLaneExecutorService$1.run(SingleLaneExecutorService.java:131)
	at jenkins.util.ContextResettingExecutorService$1.run(ContextResettingExecutorService.java:28)
	at jenkins.security.ImpersonatingExecutorService$1.run(ImpersonatingExecutorService.java:59)
	at java.util.concurrent.Executors$RunnableAdapter.call(Executors.java:511)
	at java.util.concurrent.FutureTask.run(FutureTask.java:266)
	at java.util.concurrent.ThreadPoolExecutor.runWorker(ThreadPoolExecutor.java:1149)
	at java.util.concurrent.ThreadPoolExecutor$Worker.run(ThreadPoolExecutor.java:624)
	at java.lang.Thread.run(Thread.java:748)
[Pipeline] {
[Pipeline] stage
[Pipeline] { (Declarative: Checkout SCM)
[Pipeline] checkout
[Pipeline] }
[Pipeline] // stage
[Pipeline] withCredentials
[Pipeline] {
[Pipeline] withEnv
[Pipeline] {
[Pipeline] stage
[Pipeline] { (CI Build and push snapshot)
Stage "CI Build and push snapshot" skipped due to when conditional
[Pipeline] }
[Pipeline] // stage
[Pipeline] stage
[Pipeline] { (Build Release)
[Pipeline] dir
Running in /home/jenkins/go/src/github.com/carlossg/croc-hunter-jenkinsx-serverless
[Pipeline] {
[Pipeline] git
Cloning the remote Git repository
Cloning repository https://github.com/carlossg/croc-hunter-jenkinsx-serverless.git
 > git init /home/jenkins/go/src/github.com/carlossg/croc-hunter-jenkinsx-serverless # timeout=10
Fetching upstream changes from https://github.com/carlossg/croc-hunter-jenkinsx-serverless.git
 > git --version # timeout=10
 > git fetch --tags --progress https://github.com/carlossg/croc-hunter-jenkinsx-serverless.git +refs/heads/*:refs/remotes/origin/*
 > git config remote.origin.url https://github.com/carlossg/croc-hunter-jenkinsx-serverless.git # timeout=10
 > git config --add remote.origin.fetch +refs/heads/*:refs/remotes/origin/* # timeout=10
 > git config remote.origin.url https://github.com/carlossg/croc-hunter-jenkinsx-serverless.git # timeout=10
Fetching upstream changes from https://github.com/carlossg/croc-hunter-jenkinsx-serverless.git
 > git fetch --tags --progress https://github.com/carlossg/croc-hunter-jenkinsx-serverless.git +refs/heads/*:refs/remotes/origin/*
 > git rev-parse refs/remotes/origin/master^{commit} # timeout=10
 > git rev-parse refs/remotes/origin/origin/master^{commit} # timeout=10
Checking out Revision af4d613e4ce0a144aa8327c393f6b76a21e16961 (refs/remotes/origin/master)
 > git config core.sparsecheckout # timeout=10
 > git checkout -f af4d613e4ce0a144aa8327c393f6b76a21e16961
 > git branch -a -v --no-abbrev # timeout=10
 > git checkout -b master af4d613e4ce0a144aa8327c393f6b76a21e16961
Commit message: "Add shipper instructions to deploy to staging cluster"
First time build. Skipping changelog.
[Pipeline] }
[Pipeline] // dir
[Pipeline] dir
Running in /home/jenkins/go/src/github.com/carlossg/croc-hunter-jenkinsx-serverless/charts/croc-hunter-jenkinsx
[Pipeline] {
[Pipeline] sh
+ git config --global credential.helper store
[Pipeline] sh
+ jx step validate --min-jx-version 1.1.73
[Pipeline] sh
+ jx step git credentials
Generated Git credentials file /home/jenkins/git/credentials
[Pipeline] }
[Pipeline] // dir
[Pipeline] dir
Running in /home/jenkins/go/src/github.com/carlossg/croc-hunter-jenkinsx-serverless
[Pipeline] {
[Pipeline] sh
+ jx-release-version
+ echo 0.0.89
[Pipeline] }
[Pipeline] // dir
[Pipeline] dir
Running in /home/jenkins/go/src/github.com/carlossg/croc-hunter-jenkinsx-serverless/charts/croc-hunter-jenkinsx
[Pipeline] {
[Pipeline] sh
+ make tag
sed -i -e "s/version:.*/version: 0.0.89/" Chart.yaml
sed -i -e "s|repository: .*|repository: 10.31.252.9:5000\/carlossg\/croc-hunter-jenkinsx|" values.yaml
sed -i -e "s/tag: .*/tag: 0.0.89/" values.yaml
git add --all
git commit -m "release 0.0.89" --allow-empty # if first release then no verion update is performed
[master ac71889] release 0.0.89
 5 files changed, 10 insertions(+), 3 deletions(-)
 create mode 100644 VERSION
 create mode 100644 charts/croc-hunter-jenkinsx@tmp/durable-51e09bcd/jenkins-log.txt
 create mode 100644 charts/croc-hunter-jenkinsx@tmp/durable-51e09bcd/script.sh
git tag -fa v0.0.89 -m "Release version 0.0.89"
git push origin v0.0.89
To https://github.com/carlossg/croc-hunter-jenkinsx-serverless.git
 * [new tag]         v0.0.89 -> v0.0.89
[Pipeline] }
[Pipeline] // dir
[Pipeline] dir
Running in /home/jenkins/go/src/github.com/carlossg/croc-hunter-jenkinsx-serverless
[Pipeline] {
[Pipeline] sh
+ cat VERSION
+ make VERSION=0.0.89 GIT_COMMIT=4716106d0149bde505a1fe51f7a7caeee81a065e build
cp skaffold.yaml skaffold.yaml.new
sed -i -e "s/{{.VERSION}}/0.0.89/" skaffold.yaml.new
sed -i -e "s/{{.GIT_COMMIT}}/4716106d0149bde505a1fe51f7a7caeee81a065e/" skaffold.yaml.new
CGO_ENABLED=0 GO15VENDOREXPERIMENT=1 go build -ldflags '' -o bin/croc-hunter-jenkinsx croc-hunter.go
[Pipeline] sh
+ cat VERSION
+ export VERSION=0.0.89
+ skaffold build -f skaffold.yaml.new
time="2019-01-11T14:27:17Z" level=warning msg="config version (skaffold/v1alpha2) out of date: upgrading to latest (skaffold/v1beta2)"
Starting build...
Building [changeme]...
Sending build context to Docker daemon  525.8kBSending build context to Docker daemon   6.99MB
Step 1/10 : FROM scratch
 ---> 
Step 2/10 : ARG GIT_SHA
 ---> Using cache
 ---> 9a559d99f275
Step 3/10 : ARG WORKFLOW_RELEASE
 ---> Using cache
 ---> 3fe4e28e28f1
Step 4/10 : ENV GIT_SHA $GIT_SHA
 ---> Running in 29a47e2b3e78
 ---> b5a56778b7d9
Step 5/10 : ENV WORKFLOW_RELEASE $WORKFLOW_RELEASE
 ---> Running in 667bb0c19f52
 ---> 1ba399b35229
Step 6/10 : ENV POWERED_BY Jenkins-X
 ---> Running in edf918efaead
 ---> e9cc1b4ca0e9
Step 7/10 : EXPOSE 8080
 ---> Running in 5c157bdf8fdb
 ---> a0f8ee649b8b
Step 8/10 : ENTRYPOINT /croc-hunter-jenkinsx
 ---> Running in 3ff762358101
 ---> 0e917db369b9
Step 9/10 : COPY ./bin/ /
 ---> d7a62c7f14e1
Step 10/10 : COPY static/ static/
 ---> b59ea3dffe8c
Successfully built b59ea3dffe8c
The push refers to a repository [10.31.252.9:5000/carlossg/croc-hunter-jenkinsx]
93e1806950e4: Preparing
4ecd7b683532: Preparing
93e1806950e4: Pushed
4ecd7b683532: Pushed
0.0.89: digest: sha256:7d6b2b7ca9db94d9eb4bf69af7937f288a77ac8e096ceb53acffa7d853faf2cc size: 738
Build complete in 3.287881416s
Starting test...
Test complete in 4.618µs
changeme -> 10.31.252.9:5000/carlossg/croc-hunter-jenkinsx:0.0.89
[Pipeline] sh
+ jx step validate --min-jx-version 1.2.36
[Pipeline] sh
+ cat VERSION
+ jx step post build --image 10.31.252.9:5000/carlossg/croc-hunter-jenkinsx:0.0.89
[Pipeline] }
[Pipeline] // dir
[Pipeline] }
[Pipeline] // stage
[Pipeline] stage
[Pipeline] { (Promote to Environments)
[Pipeline] dir
Running in /home/jenkins/go/src/github.com/carlossg/croc-hunter-jenkinsx-serverless/charts/croc-hunter-jenkinsx
[Pipeline] {
[Pipeline] sh
+ cat ../../VERSION
+ jx step changelog --version v0.0.89
Using batch mode as inside a pipeline
Generating change log from git ref af4d613e4ce0a144aa8327c393f6b76a21e16961 => ac71889490a42076d029d5b672c16a0deb4465de
Unable to find user: jenkins-x.googlegroups.com -- users.jenkins.io "jenkins-x.googlegroups.com" not found
Unable to find user: jenkins-x.googlegroups.com -- users.jenkins.io "jenkins-x.googlegroups.com" not found
Finding issues in commit messages using git format
No release found for carlossg/croc-hunter-jenkinsx-serverless and tag v0.0.89 so creating a new release
Updated the release information at https://github.com/carlossg/croc-hunter-jenkinsx-serverless/releases/tag/v0.0.89
generated: /home/jenkins/go/src/github.com/carlossg/croc-hunter-jenkinsx-serverless/charts/croc-hunter-jenkinsx/templates/release.yaml
Created Release croc-hunter-jenkinsx-serverless-0-0-89 resource in namespace jx
Updating PipelineActivity carlossg-croc-hunter-jenkinsx-serverless-2-master-6 with version 0.0.89
Updated PipelineActivities carlossg-croc-hunter-jenkinsx-serverless-2-master-6 with release notes URL: https://github.com/carlossg/croc-hunter-jenkinsx-serverless/releases/tag/v0.0.89
[Pipeline] sh
+ make release
rm -rf charts
rm -rf croc-hunter-jenkinsx*.tgz
helm dependency build
No requirements found in ./charts.
helm lint
==> Linting .
Lint OK

1 chart(s) linted, no failures
helm init --client-only
Creating /builder/home/.helm 
Creating /builder/home/.helm/repository 
Creating /builder/home/.helm/repository/cache 
Creating /builder/home/.helm/repository/local 
Creating /builder/home/.helm/plugins 
Creating /builder/home/.helm/starters 
Creating /builder/home/.helm/cache/archive 
Creating /builder/home/.helm/repository/repositories.yaml 
Adding stable repo with URL: https://kubernetes-charts.storage.googleapis.com 
Adding local repo with URL: http://127.0.0.1:8879/charts 
$HELM_HOME has been configured at /builder/home/.helm.
Not installing Tiller due to 'client-only' flag having been set
Happy Helming!
helm package .
Successfully packaged chart and saved it to: /home/jenkins/go/src/github.com/carlossg/croc-hunter-jenkinsx-serverless/charts/croc-hunter-jenkinsx/croc-hunter-jenkinsx-0.0.89.tgz
curl --fail -u **** --data-binary "@croc-hunter-jenkinsx-0.0.89.tgz" http://jenkins-x-chartmuseum:8080/api/charts
  % Total    % Received % Xferd  Average Speed   Time    Time     Time  Current
                                 Dload  Upload   Total   Spent    Left  Speed
  0     0    0     0    0     0      0      0 --:--:-- --:--:-- --:--:--     0100  2854  100    14  100  2840    394  79966 --:--:-- --:--:-- --:--:-- 81142
{"saved":true}rm -rf croc-hunter-jenkinsx*.tgz%
[Pipeline] sh
+ cat ../../VERSION
+ jx promote -b --all-auto --timeout 1h --version 0.0.89 --no-wait
prow based install so skip waiting for the merge of Pull Requests to go green as currently there is an issue with gettingstatuses from the PR, see https://github.com/jenkins-x/jx/issues/2410
Promoting app croc-hunter-jenkinsx version 0.0.89 to namespace jx-staging
Could not find Jenkins URL: services "jenkins" not found in namespace jx
Created Pull Request: https://github.com/carlossg-org/environment-warlocksunset-staging/pull/5

Could not find Jenkins URL: services "jenkins" not found in namespace jx
Failed to query the Pull Request last commit status for https://github.com/carlossg-org/environment-warlocksunset-staging/pull/5 ref 026b11944a6947900442aebeb0b8f0b9518fa17c Could not find a status for repository carlossg-org/environment-warlocksunset-staging with ref 026b11944a6947900442aebeb0b8f0b9518fa17c
Failed to merge the Pull Request https://github.com/carlossg-org/environment-warlocksunset-staging/pull/5 due to PUT https://api.github.com/repos/carlossg-org/environment-warlocksunset-staging/pulls/5/merge: 405 Base branch was modified. Review and try the merge again. [] maybe I don't have karma?
Pull Request https://github.com/carlossg-org/environment-warlocksunset-staging/pull/5 is merged at sha 7fcc86c326608e93d0df2a674475d3e23b92bbc0
[Pipeline] }
[Pipeline] // dir
[Pipeline] }
[Pipeline] // stage
[Pipeline] }
[Pipeline] // withEnv
[Pipeline] }
[Pipeline] // withCredentials
[Pipeline] }
[Pipeline] // node
[Pipeline] End of Pipeline
Finished: SUCCESS
