Step: build-step-credential-initializer:

{"level":"warn","ts":1551368934.4142513,"logger":"fallback-logger","caller":"logging/config.go:65","msg":"Fetch GitHub commit ID from kodata failed: \"ref: refs/heads/test\" is not a valid GitHub commit ID"}
{"level":"info","ts":1551368934.416534,"logger":"fallback-logger","caller":"creds-init/main.go:40","msg":"Credentials initialized."}
Step: build-step-git-source-0:

{"level":"warn","ts":1551368936.2000601,"logger":"fallback-logger","caller":"logging/config.go:65","msg":"Fetch GitHub commit ID from kodata failed: \"ref: refs/heads/test\" is not a valid GitHub commit ID"}
{"level":"info","ts":1551368937.5384815,"logger":"fallback-logger","caller":"git-init/main.go:92","msg":"Successfully cloned \"https://github.com/carlossg-org/feb-28.git\" @ \"master\" in path \"/workspace\""}
Step: build-step-jenkins:

Picked up _JAVA_OPTIONS: -Xmx400m
Started
Running in Durability level: PERFORMANCE_OPTIMIZED
  20.522 [id=34]	WARNING	i.f.k.c.i.VersionUsageUtils#alert: The client is using resource type 'customresourcedefinitions' with unstable version 'v1beta1'
[Pipeline] node
Running on Jenkins in /tmp/jenkinsTests.tmp/jenkins742151935748512825test/workspace/job
[Pipeline] {
[Pipeline] stage
[Pipeline] { (Declarative: Checkout SCM)
[Pipeline] checkout
[Pipeline] }
[Pipeline] // stage
[Pipeline] withCredentials
[Pipeline] {
[Pipeline] withEnv
[Pipeline] {
[Pipeline] stage
[Pipeline] { (CI Build and push snapshot)
Stage "CI Build and push snapshot" skipped due to when conditional
[Pipeline] }
[Pipeline] // stage
[Pipeline] stage
[Pipeline] { (Build Release)
[Pipeline] git
 > git rev-parse --is-inside-work-tree # timeout=10
Fetching changes from the remote Git repository
 > git config remote.origin.url https://github.com/carlossg-org/feb-28.git # timeout=10
Fetching upstream changes from https://github.com/carlossg-org/feb-28.git
 > git --version # timeout=10
 > git fetch --tags --progress https://github.com/carlossg-org/feb-28.git +refs/heads/*:refs/remotes/origin/*
ERROR: Error fetching remote repo 'origin'
hudson.plugins.git.GitException: Failed to fetch from https://github.com/carlossg-org/feb-28.git
	at hudson.plugins.git.GitSCM.fetchFrom(GitSCM.java:825)
	at hudson.plugins.git.GitSCM.retrieveChanges(GitSCM.java:1092)
	at hudson.plugins.git.GitSCM.checkout(GitSCM.java:1123)
	at org.jenkinsci.plugins.workflow.steps.scm.SCMStep.checkout(SCMStep.java:120)
	at org.jenkinsci.plugins.workflow.steps.scm.SCMStep$StepExecutionImpl.run(SCMStep.java:90)
	at org.jenkinsci.plugins.workflow.steps.scm.SCMStep$StepExecutionImpl.run(SCMStep.java:77)
	at org.jenkinsci.plugins.workflow.steps.SynchronousNonBlockingStepExecution$1$1.call(SynchronousNonBlockingStepExecution.java:51)
	at hudson.security.ACL.impersonate(ACL.java:290)
	at org.jenkinsci.plugins.workflow.steps.SynchronousNonBlockingStepExecution$1.run(SynchronousNonBlockingStepExecution.java:48)
	at java.util.concurrent.Executors$RunnableAdapter.call(Executors.java:511)
	at java.util.concurrent.FutureTask.run(FutureTask.java:266)
	at java.util.concurrent.ThreadPoolExecutor.runWorker(ThreadPoolExecutor.java:1149)
	at java.util.concurrent.ThreadPoolExecutor$Worker.run(ThreadPoolExecutor.java:624)
	at java.lang.Thread.run(Thread.java:748)
Caused by: hudson.plugins.git.GitException: Command "git fetch --tags --progress https://github.com/carlossg-org/feb-28.git +refs/heads/*:refs/remotes/origin/*" returned status code 128:
stdout: 
stderr: remote: Repository not found.
fatal: repository 'https://github.com/carlossg-org/feb-28.git/' not found

	at org.jenkinsci.plugins.gitclient.CliGitAPIImpl.launchCommandIn(CliGitAPIImpl.java:1990)
	at org.jenkinsci.plugins.gitclient.CliGitAPIImpl.launchCommandWithCredentials(CliGitAPIImpl.java:1709)
	at org.jenkinsci.plugins.gitclient.CliGitAPIImpl.access$300(CliGitAPIImpl.java:72)
	at org.jenkinsci.plugins.gitclient.CliGitAPIImpl$1.execute(CliGitAPIImpl.java:400)
	at hudson.plugins.git.GitSCM.fetchFrom(GitSCM.java:823)
	... 13 more
[Pipeline] }
[Pipeline] // stage
[Pipeline] stage
[Pipeline] { (Promote to Environments)
Stage "Promote to Environments" skipped due to earlier failure(s)
[Pipeline] }
[Pipeline] // stage
[Pipeline] }
[Pipeline] // withEnv
[Pipeline] }
[Pipeline] // withCredentials
[Pipeline] }
[Pipeline] // node
[Pipeline] End of Pipeline
