Step: build-step-credential-initializer:

{"level":"warn","ts":1551371269.4531314,"logger":"fallback-logger","caller":"logging/config.go:65","msg":"Fetch GitHub commit ID from kodata failed: \"ref: refs/heads/test\" is not a valid GitHub commit ID"}
{"level":"info","ts":1551371269.4600124,"logger":"fallback-logger","caller":"creds-init/main.go:40","msg":"Credentials initialized."}
Step: build-step-git-source-0:

{"level":"warn","ts":1551371270.4777417,"logger":"fallback-logger","caller":"logging/config.go:65","msg":"Fetch GitHub commit ID from kodata failed: \"ref: refs/heads/test\" is not a valid GitHub commit ID"}
{"level":"info","ts":1551371272.3036838,"logger":"fallback-logger","caller":"git-init/main.go:92","msg":"Successfully cloned \"https://github.com/carlossg-org/feb-18.git\" @ \"master\" in path \"/workspace\""}
Step: build-step-jenkins:

Picked up _JAVA_OPTIONS: -Xmx400m
Started
Running in Durability level: PERFORMANCE_OPTIMIZED
  26.588 [id=32]	WARNING	i.f.k.c.i.VersionUsageUtils#alert: The client is using resource type 'customresourcedefinitions' with unstable version 'v1beta1'
[Pipeline] node
Running on Jenkins in /tmp/jenkinsTests.tmp/jenkins3272501317443702201test/workspace/job
[Pipeline] {
[Pipeline] stage
[Pipeline] { (Declarative: Checkout SCM)
[Pipeline] checkout
[Pipeline] }
[Pipeline] // stage
[Pipeline] withCredentials
[Pipeline] {
[Pipeline] withEnv
[Pipeline] {
[Pipeline] stage
[Pipeline] { (CI Build and push snapshot)
Stage "CI Build and push snapshot" skipped due to when conditional
[Pipeline] }
[Pipeline] // stage
[Pipeline] stage
[Pipeline] { (Build Release)
[Pipeline] git
 > git rev-parse --is-inside-work-tree # timeout=10
Fetching changes from the remote Git repository
 > git config remote.origin.url https://github.com/carlossg-org/feb-18.git # timeout=10
Fetching upstream changes from https://github.com/carlossg-org/feb-18.git
 > git --version # timeout=10
 > git fetch --tags --progress https://github.com/carlossg-org/feb-18.git +refs/heads/*:refs/remotes/origin/*
 > git rev-parse refs/remotes/origin/master^{commit} # timeout=10
 > git rev-parse refs/remotes/origin/origin/master^{commit} # timeout=10
Checking out Revision 291293ed31c24a078e48a09f5c4ddbeb44c9126d (refs/remotes/origin/master)
 > git config core.sparsecheckout # timeout=10
 > git checkout -f 291293ed31c24a078e48a09f5c4ddbeb44c9126d
 > git branch -a -v --no-abbrev # timeout=10
 > git branch -D master # timeout=10
 > git checkout -b master 291293ed31c24a078e48a09f5c4ddbeb44c9126d
Commit message: "Draft create"
First time build. Skipping changelog.
[Pipeline] sh
+ jx-release-version
+ echo 0.0.1
[Pipeline] sh
+ cat VERSION
+ jx step tag --version 0.0.1
Tag v0.0.1 created and pushed to remote origin
[Pipeline] sh
+ npm install
npm notice created a lockfile as package-lock.json. You should commit this file.
npm WARN REPLACE_ME@1.0.0 No repository field.
npm WARN REPLACE_ME@1.0.0 No license field.

up to date in 0.116s
[Pipeline] sh
+ CI=true DISPLAY=:99 npm test

> REPLACE_ME@1.0.0 test /tmp/jenkinsTests.tmp/jenkins3272501317443702201test/workspace/job
> echo "no test specified" && exit 0

no test specified
[Pipeline] sh
+ cat VERSION
+ export VERSION=0.0.1
+ skaffold build -f skaffold.yaml
time="2019-02-28T16:29:18Z" level=warning msg="config version (skaffold/v1beta2) out of date: upgrading to latest (skaffold/v1beta3)"
Starting build...
Building [changeme]...
Sending build context to Docker daemon  107.5kB
Step 1/6 : FROM node:9-slim
9-slim: Pulling from library/node
5bba3ecb4cd6: Pulling fs layer
196b8e3c919d: Pulling fs layer
7d083412657b: Pulling fs layer
a88538b9cd05: Pulling fs layer
e01bd28a434b: Pulling fs layer
a88538b9cd05: Waiting
e01bd28a434b: Waiting
7d083412657b: Verifying Checksum
7d083412657b: Download complete
196b8e3c919d: Verifying Checksum
196b8e3c919d: Download complete
5bba3ecb4cd6: Verifying Checksum
5bba3ecb4cd6: Download complete
e01bd28a434b: Verifying Checksum
e01bd28a434b: Download complete
a88538b9cd05: Verifying Checksum
a88538b9cd05: Download complete
5bba3ecb4cd6: Pull complete
196b8e3c919d: Pull complete
7d083412657b: Pull complete
a88538b9cd05: Pull complete
e01bd28a434b: Pull complete
Digest: sha256:288b29c1925d65b2d7d8701f8ada201e7dcd066438c0fb4299c35dff129b893f
Status: Downloaded newer image for node:9-slim
 ---> e20bb4abe4ee
Step 2/6 : ENV PORT 8080
 ---> Running in b128f3a6a63d
 ---> d5a84bc2fd83
Step 3/6 : EXPOSE 8080
 ---> Running in 1d266b138286
 ---> 5fdf31b2704a
Step 4/6 : WORKDIR /usr/src/app
 ---> ce783bffff84
Step 5/6 : COPY . .
 ---> fc32d6829d51
Step 6/6 : CMD npm start
 ---> Running in c598615935a5
 ---> 0398a73fc906
Successfully built 0398a73fc906
The push refers to a repository [10.47.246.27:5000/carlossg-org/feb-18]
e7caec77e1c3: Preparing
923cfa1a1112: Preparing
e16c226cf2a8: Preparing
7fd597d009e4: Preparing
7c6ab5fb7059: Preparing
ed271eac23e9: Preparing
156ff16f37e4: Preparing
ed271eac23e9: Waiting
156ff16f37e4: Waiting
923cfa1a1112: Pushed
7c6ab5fb7059: Pushed
e7caec77e1c3: Pushed
ed271eac23e9: Pushed
e16c226cf2a8: Pushed
156ff16f37e4: Pushed
7fd597d009e4: Pushed
0.0.1: digest: sha256:5dc59afeac3cf3e50d710e61b2bbc3196aac88bb433dc937ce35c923fd071268 size: 1786
Build complete in 28.512113256s
Starting test...
Test complete in 8.062µs
changeme -> 10.47.246.27:5000/carlossg-org/feb-18:0.0.1
There is a new version (0.23.0) of skaffold available. Download it at https://storage.googleapis.com/skaffold/releases/latest/skaffold-linux-amd64

[Pipeline] sh
+ cat VERSION
+ jx step post build --image 10.47.246.27:5000/carlossg-org/feb-18:0.0.1
[Pipeline] }
[Pipeline] // stage
[Pipeline] stage
[Pipeline] { (Promote to Environments)
[Pipeline] dir
Running in /tmp/jenkinsTests.tmp/jenkins3272501317443702201test/workspace/job/charts/feb-18
[Pipeline] {
[Pipeline] sh
+ cat ../../VERSION
+ jx step changelog --batch-mode --version v0.0.1
Converted /tmp/jenkinsTests.tmp/jenkins3272501317443702201test/workspace/job/charts/feb-18 to an unshallow repository
Generating change log from git ref 291293ed31c24a078e48a09f5c4ddbeb44c9126d => ab134075837f7cdad55b3fa4fcdece56b515ef63
Failed to enrich commits with issues: User.jenkins.io "" is invalid: metadata.name: Required value: name or generateName is required
Failed to enrich commits with issues: User.jenkins.io "" is invalid: metadata.name: Required value: name or generateName is required
Finding issues in commit messages using git format
No release found for carlossg-org/feb-18 and tag v0.0.1 so creating a new release
Updated the release information at https://github.com/carlossg-org/feb-18/releases/tag/v0.0.1
generated: /tmp/jenkinsTests.tmp/jenkins3272501317443702201test/workspace/job/charts/feb-18/templates/release.yaml
Created Release feb-18-0-0-1 resource in namespace jx
Updating PipelineActivity carlossg-org-feb-18-master-1 with version 0.0.1
Updated PipelineActivities carlossg-org-feb-18-master-1 with release notes URL: https://github.com/carlossg-org/feb-18/releases/tag/v0.0.1
[Pipeline] sh
+ jx step helm release
No $CHART_REPOSITORY defined so using the default value of: http://jenkins-x-chartmuseum:8080
Adding missing Helm repo: jenkins-x http://chartmuseum.jenkins-x.io
Successfully added Helm repository jenkins-x.
Adding missing Helm repo: releases http://jenkins-x-chartmuseum:8080
Successfully added Helm repository releases.
No $CHART_REPOSITORY defined so using the default value of: http://jenkins-x-chartmuseum:8080
Uploading chart file feb-18-0.0.1.tgz to http://jenkins-x-chartmuseum:8080/api/charts
Received 201 response: {"saved":true}
[Pipeline] sh
+ cat ../../VERSION
+ jx promote -b --all-auto --timeout 1h --version 0.0.1
prow based install so skip waiting for the merge of Pull Requests to go green as currently there is an issue with gettingstatuses from the PR, see https://github.com/jenkins-x/jx/issues/2410
Promoting app feb-18 version 0.0.1 to namespace jx-staging
Created Pull Request: https://github.com/carlossg-org/environment-foxlie-staging/pull/2

Failed to query the Pull Request last commit status for https://github.com/carlossg-org/environment-foxlie-staging/pull/2 ref 1ebc9e92e68aa3fe5e9f73596e434c676d100edf Could not find a status for repository carlossg-org/environment-foxlie-staging with ref 1ebc9e92e68aa3fe5e9f73596e434c676d100edf
Failed to query the Pull Request last commit status for https://github.com/carlossg-org/environment-foxlie-staging/pull/2 ref 1ebc9e92e68aa3fe5e9f73596e434c676d100edf Could not find a status for repository carlossg-org/environment-foxlie-staging with ref 1ebc9e92e68aa3fe5e9f73596e434c676d100edf
Failed to query the Pull Request last commit status for https://github.com/carlossg-org/environment-foxlie-staging/pull/2 ref 1ebc9e92e68aa3fe5e9f73596e434c676d100edf Could not find a status for repository carlossg-org/environment-foxlie-staging with ref 1ebc9e92e68aa3fe5e9f73596e434c676d100edf
error: Timed out waiting for pull request https://github.com/carlossg-org/environment-foxlie-staging/pull/2 to merge. Waited 1h0m0s
[Pipeline] }
[Pipeline] // dir
[Pipeline] }
[Pipeline] // stage
[Pipeline] }
[Pipeline] // withEnv
[Pipeline] }
[Pipeline] // withCredentials
[Pipeline] }
[Pipeline] // node
[Pipeline] End of Pipeline
ERROR: script returned exit code 1
Finished: FAILURE
